Analysis & Synthesis report for parallelDecoder
Mon Nov  7 12:27:25 2022
Quartus Prime Version 20.1.0 Build 711 06/05/2020 SJ Lite Edition


---------------------
; Table of Contents ;
---------------------
  1. Legal Notice
  2. Analysis & Synthesis Summary
  3. Analysis & Synthesis Settings
  4. Parallel Compilation
  5. Analysis & Synthesis Source Files Read
  6. Analysis & Synthesis Resource Usage Summary
  7. Analysis & Synthesis Resource Utilization by Entity
  8. General Register Statistics
  9. Port Connectivity Checks: "decoder8to12:d8to12"
 10. Post-Synthesis Netlist Statistics for Top Partition
 11. Elapsed Time Per Partition
 12. Analysis & Synthesis Messages



----------------
; Legal Notice ;
----------------
Copyright (C) 2020  Intel Corporation. All rights reserved.
Your use of Intel Corporation's design tools, logic functions 
and other software and tools, and any partner logic 
functions, and any output files from any of the foregoing 
(including device programming or simulation files), and any 
associated documentation or information are expressly subject 
to the terms and conditions of the Intel Program License 
Subscription Agreement, the Intel Quartus Prime License Agreement,
the Intel FPGA IP License Agreement, or other applicable license
agreement, including, without limitation, that your use is for
the sole purpose of programming logic devices manufactured by
Intel and sold by Intel or its authorized distributors.  Please
refer to the applicable agreement for further details, at
https://fpgasoftware.intel.com/eula.



+----------------------------------------------------------------------------------+
; Analysis & Synthesis Summary                                                     ;
+------------------------------------+---------------------------------------------+
; Analysis & Synthesis Status        ; Successful - Mon Nov  7 12:27:25 2022       ;
; Quartus Prime Version              ; 20.1.0 Build 711 06/05/2020 SJ Lite Edition ;
; Revision Name                      ; parallelDecoder                             ;
; Top-level Entity Name              ; parallelDecoder                             ;
; Family                             ; Cyclone IV GX                               ;
; Total logic elements               ; 26                                          ;
;     Total combinational functions  ; 26                                          ;
;     Dedicated logic registers      ; 0                                           ;
; Total registers                    ; 0                                           ;
; Total pins                         ; 13                                          ;
; Total virtual pins                 ; 0                                           ;
; Total memory bits                  ; 0                                           ;
; Embedded Multiplier 9-bit elements ; 0                                           ;
; Total GXB Receiver Channel PCS     ; 0                                           ;
; Total GXB Receiver Channel PMA     ; 0                                           ;
; Total GXB Transmitter Channel PCS  ; 0                                           ;
; Total GXB Transmitter Channel PMA  ; 0                                           ;
; Total PLLs                         ; 0                                           ;
+------------------------------------+---------------------------------------------+


+------------------------------------------------------------------------------------------------------------+
; Analysis & Synthesis Settings                                                                              ;
+------------------------------------------------------------------+--------------------+--------------------+
; Option                                                           ; Setting            ; Default Value      ;
+------------------------------------------------------------------+--------------------+--------------------+
; Top-level entity name                                            ; parallelDecoder    ; parallelDecoder    ;
; Family name                                                      ; Cyclone IV GX      ; Cyclone V          ;
; Use smart compilation                                            ; Off                ; Off                ;
; Enable parallel Assembler and Timing Analyzer during compilation ; On                 ; On                 ;
; Enable compact report table                                      ; Off                ; Off                ;
; Restructure Multiplexers                                         ; Auto               ; Auto               ;
; Create Debugging Nodes for IP Cores                              ; Off                ; Off                ;
; Preserve fewer node names                                        ; On                 ; On                 ;
; Intel FPGA IP Evaluation Mode                                    ; Enable             ; Enable             ;
; Verilog Version                                                  ; Verilog_2001       ; Verilog_2001       ;
; VHDL Version                                                     ; VHDL_1993          ; VHDL_1993          ;
; State Machine Processing                                         ; Auto               ; Auto               ;
; Safe State Machine                                               ; Off                ; Off                ;
; Extract Verilog State Machines                                   ; On                 ; On                 ;
; Extract VHDL State Machines                                      ; On                 ; On                 ;
; Ignore Verilog initial constructs                                ; Off                ; Off                ;
; Iteration limit for constant Verilog loops                       ; 5000               ; 5000               ;
; Iteration limit for non-constant Verilog loops                   ; 250                ; 250                ;
; Add Pass-Through Logic to Inferred RAMs                          ; On                 ; On                 ;
; Infer RAMs from Raw Logic                                        ; On                 ; On                 ;
; Parallel Synthesis                                               ; On                 ; On                 ;
; DSP Block Balancing                                              ; Auto               ; Auto               ;
; NOT Gate Push-Back                                               ; On                 ; On                 ;
; Power-Up Don't Care                                              ; On                 ; On                 ;
; Remove Redundant Logic Cells                                     ; Off                ; Off                ;
; Remove Duplicate Registers                                       ; On                 ; On                 ;
; Ignore CARRY Buffers                                             ; Off                ; Off                ;
; Ignore CASCADE Buffers                                           ; Off                ; Off                ;
; Ignore GLOBAL Buffers                                            ; Off                ; Off                ;
; Ignore ROW GLOBAL Buffers                                        ; Off                ; Off                ;
; Ignore LCELL Buffers                                             ; Off                ; Off                ;
; Ignore SOFT Buffers                                              ; On                 ; On                 ;
; Limit AHDL Integers to 32 Bits                                   ; Off                ; Off                ;
; Optimization Technique                                           ; Balanced           ; Balanced           ;
; Carry Chain Length                                               ; 70                 ; 70                 ;
; Auto Carry Chains                                                ; On                 ; On                 ;
; Auto Open-Drain Pins                                             ; On                 ; On                 ;
; Perform WYSIWYG Primitive Resynthesis                            ; Off                ; Off                ;
; Auto ROM Replacement                                             ; On                 ; On                 ;
; Auto RAM Replacement                                             ; On                 ; On                 ;
; Auto DSP Block Replacement                                       ; On                 ; On                 ;
; Auto Shift Register Replacement                                  ; Auto               ; Auto               ;
; Allow Shift Register Merging across Hierarchies                  ; Auto               ; Auto               ;
; Auto Clock Enable Replacement                                    ; On                 ; On                 ;
; Strict RAM Replacement                                           ; Off                ; Off                ;
; Allow Synchronous Control Signals                                ; On                 ; On                 ;
; Force Use of Synchronous Clear Signals                           ; Off                ; Off                ;
; Auto RAM Block Balancing                                         ; On                 ; On                 ;
; Auto RAM to Logic Cell Conversion                                ; Off                ; Off                ;
; Auto Resource Sharing                                            ; Off                ; Off                ;
; Allow Any RAM Size For Recognition                               ; Off                ; Off                ;
; Allow Any ROM Size For Recognition                               ; Off                ; Off                ;
; Allow Any Shift Register Size For Recognition                    ; Off                ; Off                ;
; Use LogicLock Constraints during Resource Balancing              ; On                 ; On                 ;
; Ignore translate_off and synthesis_off directives                ; Off                ; Off                ;
; Timing-Driven Synthesis                                          ; On                 ; On                 ;
; Report Parameter Settings                                        ; On                 ; On                 ;
; Report Source Assignments                                        ; On                 ; On                 ;
; Report Connectivity Checks                                       ; On                 ; On                 ;
; Ignore Maximum Fan-Out Assignments                               ; Off                ; Off                ;
; Synchronization Register Chain Length                            ; 2                  ; 2                  ;
; Power Optimization During Synthesis                              ; Normal compilation ; Normal compilation ;
; HDL message level                                                ; Level2             ; Level2             ;
; Suppress Register Optimization Related Messages                  ; Off                ; Off                ;
; Number of Removed Registers Reported in Synthesis Report         ; 5000               ; 5000               ;
; Number of Swept Nodes Reported in Synthesis Report               ; 5000               ; 5000               ;
; Number of Inverted Registers Reported in Synthesis Report        ; 100                ; 100                ;
; Clock MUX Protection                                             ; On                 ; On                 ;
; Auto Gated Clock Conversion                                      ; Off                ; Off                ;
; Block Design Naming                                              ; Auto               ; Auto               ;
; SDC constraint protection                                        ; Off                ; Off                ;
; Synthesis Effort                                                 ; Auto               ; Auto               ;
; Shift Register Replacement - Allow Asynchronous Clear Signal     ; On                 ; On                 ;
; Pre-Mapping Resynthesis Optimization                             ; Off                ; Off                ;
; Analysis & Synthesis Message Level                               ; Medium             ; Medium             ;
; Disable Register Merging Across Hierarchies                      ; Auto               ; Auto               ;
; Resource Aware Inference For Block RAM                           ; On                 ; On                 ;
+------------------------------------------------------------------+--------------------+--------------------+


+------------------------------------------+
; Parallel Compilation                     ;
+----------------------------+-------------+
; Processors                 ; Number      ;
+----------------------------+-------------+
; Number detected on machine ; 8           ;
; Maximum allowed            ; 4           ;
;                            ;             ;
; Average used               ; 1.00        ;
; Maximum used               ; 1           ;
;                            ;             ;
; Usage by Processor         ; % Time Used ;
;     Processor 1            ; 100.0%      ;
+----------------------------+-------------+


+---------------------------------------------------------------------------------------------------------------------------------------------+
; Analysis & Synthesis Source Files Read                                                                                                      ;
+----------------------------------+-----------------+-----------------+------------------------------------------------------------+---------+
; File Name with User-Entered Path ; Used in Netlist ; File Type       ; File Name with Absolute Path                               ; Library ;
+----------------------------------+-----------------+-----------------+------------------------------------------------------------+---------+
; parallelDecoder.vhd              ; yes             ; User VHDL File  ; /home/andre/github/AAD/parallelDecoder/parallelDecoder.vhd ;         ;
; logic.vhd                        ; yes             ; User VHDL File  ; /home/andre/github/AAD/parallelDecoder/logic.vhd           ;         ;
; decoder8to12.vhd                 ; yes             ; User VHDL File  ; /home/andre/github/AAD/parallelDecoder/decoder8to12.vhd    ;         ;
; decoder1bit.vhd                  ; yes             ; User VHDL File  ; /home/andre/github/AAD/parallelDecoder/decoder1bit.vhd     ;         ;
; decoderlast.vhd                  ; yes             ; User VHDL File  ; /home/andre/github/AAD/parallelDecoder/decoderlast.vhd     ;         ;
+----------------------------------+-----------------+-----------------+------------------------------------------------------------+---------+


+---------------------------------------------+
; Analysis & Synthesis Resource Usage Summary ;
+--------------------------+------------------+
; Resource                 ; Usage            ;
+--------------------------+------------------+
; I/O pins                 ; 13               ;
;                          ;                  ;
; DSP block 9-bit elements ; 0                ;
;                          ;                  ;
; Maximum fan-out node     ; Y[4]~input       ;
; Maximum fan-out          ; 6                ;
; Total fan-out            ; 93               ;
; Average fan-out          ; 1.79             ;
+--------------------------+------------------+


+------------------------------------------------------------------------------------------------------------------------------------------------------------------------------------------------------------------------------------------------------+
; Analysis & Synthesis Resource Utilization by Entity                                                                                                                                                                                                  ;
+----------------------------+---------------------+---------------------------+-------------+--------------+---------+-----------+-----------+------+--------------+-------------------------------------------------+-----------------+--------------+
; Compilation Hierarchy Node ; Combinational ALUTs ; Dedicated Logic Registers ; Memory Bits ; DSP Elements ; DSP 9x9 ; DSP 18x18 ; DSP 36x36 ; Pins ; Virtual Pins ; Full Hierarchy Name                             ; Entity Name     ; Library Name ;
+----------------------------+---------------------+---------------------------+-------------+--------------+---------+-----------+-----------+------+--------------+-------------------------------------------------+-----------------+--------------+
; |parallelDecoder           ; 26 (0)              ; 0 (0)                     ; 0           ; 0            ; 0       ; 0         ; 0         ; 13   ; 0            ; |parallelDecoder                                ; parallelDecoder ; work         ;
;    |AND_3:valid|           ; 2 (2)               ; 0 (0)                     ; 0           ; 0            ; 0       ; 0         ; 0         ; 0    ; 0            ; |parallelDecoder|AND_3:valid                    ; AND_3           ; work         ;
;    |decoder1bit:dm1|       ; 4 (0)               ; 0 (0)                     ; 0           ; 0            ; 0       ; 0         ; 0         ; 0    ; 0            ; |parallelDecoder|decoder1bit:dm1                ; decoder1bit     ; work         ;
;       |AND_3:and13|        ; 1 (1)               ; 0 (0)                     ; 0           ; 0            ; 0       ; 0         ; 0         ; 0    ; 0            ; |parallelDecoder|decoder1bit:dm1|AND_3:and13    ; AND_3           ; work         ;
;       |OR_4:orb|           ; 2 (2)               ; 0 (0)                     ; 0           ; 0            ; 0       ; 0         ; 0         ; 0    ; 0            ; |parallelDecoder|decoder1bit:dm1|OR_4:orb       ; OR_4            ; work         ;
;       |OR_4:orf|           ; 1 (1)               ; 0 (0)                     ; 0           ; 0            ; 0       ; 0         ; 0         ; 0    ; 0            ; |parallelDecoder|decoder1bit:dm1|OR_4:orf       ; OR_4            ; work         ;
;    |decoder1bit:dm2|       ; 3 (0)               ; 0 (0)                     ; 0           ; 0            ; 0       ; 0         ; 0         ; 0    ; 0            ; |parallelDecoder|decoder1bit:dm2                ; decoder1bit     ; work         ;
;       |OR_4:orb|           ; 2 (2)               ; 0 (0)                     ; 0           ; 0            ; 0       ; 0         ; 0         ; 0    ; 0            ; |parallelDecoder|decoder1bit:dm2|OR_4:orb       ; OR_4            ; work         ;
;       |OR_4:orf|           ; 1 (1)               ; 0 (0)                     ; 0           ; 0            ; 0       ; 0         ; 0         ; 0    ; 0            ; |parallelDecoder|decoder1bit:dm2|OR_4:orf       ; OR_4            ; work         ;
;    |decoder1bit:dm3|       ; 3 (0)               ; 0 (0)                     ; 0           ; 0            ; 0       ; 0         ; 0         ; 0    ; 0            ; |parallelDecoder|decoder1bit:dm3                ; decoder1bit     ; work         ;
;       |OR_4:orb|           ; 2 (2)               ; 0 (0)                     ; 0           ; 0            ; 0       ; 0         ; 0         ; 0    ; 0            ; |parallelDecoder|decoder1bit:dm3|OR_4:orb       ; OR_4            ; work         ;
;       |OR_4:orf|           ; 1 (1)               ; 0 (0)                     ; 0           ; 0            ; 0       ; 0         ; 0         ; 0    ; 0            ; |parallelDecoder|decoder1bit:dm3|OR_4:orf       ; OR_4            ; work         ;
;    |decoder8to12:d8to12|   ; 12 (0)              ; 0 (0)                     ; 0           ; 0            ; 0       ; 0         ; 0         ; 0    ; 0            ; |parallelDecoder|decoder8to12:d8to12            ; decoder8to12    ; work         ;
;       |XOR_2:c11|          ; 1 (1)               ; 0 (0)                     ; 0           ; 0            ; 0       ; 0         ; 0         ; 0    ; 0            ; |parallelDecoder|decoder8to12:d8to12|XOR_2:c11  ; XOR_2           ; work         ;
;       |XOR_2:c12|          ; 1 (1)               ; 0 (0)                     ; 0           ; 0            ; 0       ; 0         ; 0         ; 0    ; 0            ; |parallelDecoder|decoder8to12:d8to12|XOR_2:c12  ; XOR_2           ; work         ;
;       |XOR_2:c13|          ; 1 (1)               ; 0 (0)                     ; 0           ; 0            ; 0       ; 0         ; 0         ; 0    ; 0            ; |parallelDecoder|decoder8to12:d8to12|XOR_2:c13  ; XOR_2           ; work         ;
;       |XOR_2:c14|          ; 1 (1)               ; 0 (0)                     ; 0           ; 0            ; 0       ; 0         ; 0         ; 0    ; 0            ; |parallelDecoder|decoder8to12:d8to12|XOR_2:c14  ; XOR_2           ; work         ;
;       |XOR_2:c21|          ; 1 (1)               ; 0 (0)                     ; 0           ; 0            ; 0       ; 0         ; 0         ; 0    ; 0            ; |parallelDecoder|decoder8to12:d8to12|XOR_2:c21  ; XOR_2           ; work         ;
;       |XOR_2:c22|          ; 1 (1)               ; 0 (0)                     ; 0           ; 0            ; 0       ; 0         ; 0         ; 0    ; 0            ; |parallelDecoder|decoder8to12:d8to12|XOR_2:c22  ; XOR_2           ; work         ;
;       |XOR_2:c23|          ; 1 (1)               ; 0 (0)                     ; 0           ; 0            ; 0       ; 0         ; 0         ; 0    ; 0            ; |parallelDecoder|decoder8to12:d8to12|XOR_2:c23  ; XOR_2           ; work         ;
;       |XOR_2:c24|          ; 1 (1)               ; 0 (0)                     ; 0           ; 0            ; 0       ; 0         ; 0         ; 0    ; 0            ; |parallelDecoder|decoder8to12:d8to12|XOR_2:c24  ; XOR_2           ; work         ;
;       |XOR_2:c31|          ; 1 (1)               ; 0 (0)                     ; 0           ; 0            ; 0       ; 0         ; 0         ; 0    ; 0            ; |parallelDecoder|decoder8to12:d8to12|XOR_2:c31  ; XOR_2           ; work         ;
;       |XOR_2:c32|          ; 1 (1)               ; 0 (0)                     ; 0           ; 0            ; 0       ; 0         ; 0         ; 0    ; 0            ; |parallelDecoder|decoder8to12:d8to12|XOR_2:c32  ; XOR_2           ; work         ;
;       |XOR_2:c33|          ; 1 (1)               ; 0 (0)                     ; 0           ; 0            ; 0       ; 0         ; 0         ; 0    ; 0            ; |parallelDecoder|decoder8to12:d8to12|XOR_2:c33  ; XOR_2           ; work         ;
;       |XOR_2:c34|          ; 1 (1)               ; 0 (0)                     ; 0           ; 0            ; 0       ; 0         ; 0         ; 0    ; 0            ; |parallelDecoder|decoder8to12:d8to12|XOR_2:c34  ; XOR_2           ; work         ;
;    |decoderlast:last|      ; 2 (0)               ; 0 (0)                     ; 0           ; 0            ; 0       ; 0         ; 0         ; 0    ; 0            ; |parallelDecoder|decoderlast:last               ; decoderlast     ; work         ;
;       |OR_3:orxyxzyz|      ; 1 (1)               ; 0 (0)                     ; 0           ; 0            ; 0       ; 0         ; 0         ; 0    ; 0            ; |parallelDecoder|decoderlast:last|OR_3:orxyxzyz ; OR_3            ; work         ;
;       |XOR_2:y|            ; 1 (1)               ; 0 (0)                     ; 0           ; 0            ; 0       ; 0         ; 0         ; 0    ; 0            ; |parallelDecoder|decoderlast:last|XOR_2:y       ; XOR_2           ; work         ;
+----------------------------+---------------------+---------------------------+-------------+--------------+---------+-----------+-----------+------+--------------+-------------------------------------------------+-----------------+--------------+
Note: For table entries with two numbers listed, the numbers in parentheses indicate the number of resources of the given type used by the specific entity alone. The numbers listed outside of parentheses indicate the total resources of the given type used by the specific entity and all of its sub-entities in the hierarchy.


+------------------------------------------------------+
; General Register Statistics                          ;
+----------------------------------------------+-------+
; Statistic                                    ; Value ;
+----------------------------------------------+-------+
; Total registers                              ; 0     ;
; Number of registers using Synchronous Clear  ; 0     ;
; Number of registers using Synchronous Load   ; 0     ;
; Number of registers using Asynchronous Clear ; 0     ;
; Number of registers using Asynchronous Load  ; 0     ;
; Number of registers using Clock Enable       ; 0     ;
; Number of registers using Preset             ; 0     ;
+----------------------------------------------+-------+


+-------------------------------------------------------------------------------------------------------------------------------------+
; Port Connectivity Checks: "decoder8to12:d8to12"                                                                                     ;
+------+--------+----------+----------------------------------------------------------------------------------------------------------+
; Port ; Type   ; Severity ; Details                                                                                                  ;
+------+--------+----------+----------------------------------------------------------------------------------------------------------+
; ys   ; Output ; Warning  ; Declared by entity but not connected by instance. Logic that only feeds a dangling port will be removed. ;
+------+--------+----------+----------------------------------------------------------------------------------------------------------+


+-----------------------------------------------------+
; Post-Synthesis Netlist Statistics for Top Partition ;
+-----------------------+-----------------------------+
; Type                  ; Count                       ;
+-----------------------+-----------------------------+
; boundary_port         ; 13                          ;
; cycloneiii_lcell_comb ; 26                          ;
;     normal            ; 26                          ;
;         2 data inputs ; 14                          ;
;         3 data inputs ; 1                           ;
;         4 data inputs ; 11                          ;
;                       ;                             ;
; Max LUT depth         ; 5.00                        ;
; Average LUT depth     ; 4.12                        ;
+-----------------------+-----------------------------+


+-------------------------------+
; Elapsed Time Per Partition    ;
+----------------+--------------+
; Partition Name ; Elapsed Time ;
+----------------+--------------+
; Top            ; 00:00:01     ;
+----------------+--------------+


+-------------------------------+
; Analysis & Synthesis Messages ;
+-------------------------------+
Info: *******************************************************************
Info: Running Quartus Prime Analysis & Synthesis
    Info: Version 20.1.0 Build 711 06/05/2020 SJ Lite Edition
    Info: Processing started: Mon Nov  7 12:27:08 2022
Info: Command: quartus_map --read_settings_files=on --write_settings_files=off parallelDecoder -c parallelDecoder
Warning (18236): Number of processors has not been specified which may cause overloading on shared machines.  Set the global assignment NUM_PARALLEL_PROCESSORS in your QSF to an appropriate value for best performance.
Info (20030): Parallel compilation is enabled and will use 4 of the 4 processors detected
Info (12021): Found 2 design units, including 1 entities, in source file parallelDecoder.vhd
    Info (12022): Found design unit 1: parallelDecoder-structure File: /home/andre/github/AAD/parallelDecoder/parallelDecoder.vhd Line: 22
    Info (12023): Found entity 1: parallelDecoder File: /home/andre/github/AAD/parallelDecoder/parallelDecoder.vhd Line: 16
Info (12021): Found 14 design units, including 7 entities, in source file logic.vhd
    Info (12022): Found design unit 1: NOT_1-structure File: /home/andre/github/AAD/parallelDecoder/logic.vhd Line: 10
    Info (12022): Found design unit 2: AND_2-structure File: /home/andre/github/AAD/parallelDecoder/logic.vhd Line: 24
    Info (12022): Found design unit 3: AND_3-structure File: /home/andre/github/AAD/parallelDecoder/logic.vhd Line: 38
    Info (12022): Found design unit 4: AND_4-structure File: /home/andre/github/AAD/parallelDecoder/logic.vhd Line: 52
    Info (12022): Found design unit 5: OR_3-structure File: /home/andre/github/AAD/parallelDecoder/logic.vhd Line: 66
    Info (12022): Found design unit 6: OR_4-structure File: /home/andre/github/AAD/parallelDecoder/logic.vhd Line: 80
    Info (12022): Found design unit 7: XOR_2-structure File: /home/andre/github/AAD/parallelDecoder/logic.vhd Line: 94
    Info (12023): Found entity 1: NOT_1 File: /home/andre/github/AAD/parallelDecoder/logic.vhd Line: 5
    Info (12023): Found entity 2: AND_2 File: /home/andre/github/AAD/parallelDecoder/logic.vhd Line: 19
    Info (12023): Found entity 3: AND_3 File: /home/andre/github/AAD/parallelDecoder/logic.vhd Line: 33
    Info (12023): Found entity 4: AND_4 File: /home/andre/github/AAD/parallelDecoder/logic.vhd Line: 47
    Info (12023): Found entity 5: OR_3 File: /home/andre/github/AAD/parallelDecoder/logic.vhd Line: 61
    Info (12023): Found entity 6: OR_4 File: /home/andre/github/AAD/parallelDecoder/logic.vhd Line: 75
    Info (12023): Found entity 7: XOR_2 File: /home/andre/github/AAD/parallelDecoder/logic.vhd Line: 89
Info (12021): Found 2 design units, including 1 entities, in source file decoder8to12.vhd
    Info (12022): Found design unit 1: decoder8to12-structure File: /home/andre/github/AAD/parallelDecoder/decoder8to12.vhd Line: 13
    Info (12023): Found entity 1: decoder8to12 File: /home/andre/github/AAD/parallelDecoder/decoder8to12.vhd Line: 7
Info (12021): Found 2 design units, including 1 entities, in source file decoder1bit.vhd
    Info (12022): Found design unit 1: decoder1bit-structure File: /home/andre/github/AAD/parallelDecoder/decoder1bit.vhd Line: 13
    Info (12023): Found entity 1: decoder1bit File: /home/andre/github/AAD/parallelDecoder/decoder1bit.vhd Line: 7
Info (12021): Found 2 design units, including 1 entities, in source file decoderlast.vhd
    Info (12022): Found design unit 1: decoderlast-structure File: /home/andre/github/AAD/parallelDecoder/decoderlast.vhd Line: 13
    Info (12023): Found entity 1: decoderlast File: /home/andre/github/AAD/parallelDecoder/decoderlast.vhd Line: 7
Info (12127): Elaborating entity "parallelDecoder" for the top level hierarchy
Info (12128): Elaborating entity "decoder8to12" for hierarchy "decoder8to12:d8to12" File: /home/andre/github/AAD/parallelDecoder/parallelDecoder.vhd Line: 50
Info (12128): Elaborating entity "XOR_2" for hierarchy "decoder8to12:d8to12|XOR_2:c11" File: /home/andre/github/AAD/parallelDecoder/decoder8to12.vhd Line: 21
Info (12128): Elaborating entity "decoder1bit" for hierarchy "decoder1bit:dm1" File: /home/andre/github/AAD/parallelDecoder/parallelDecoder.vhd Line: 52
Info (12128): Elaborating entity "AND_3" for hierarchy "decoder1bit:dm1|AND_3:and10" File: /home/andre/github/AAD/parallelDecoder/decoder1bit.vhd Line: 40
Info (12128): Elaborating entity "OR_4" for hierarchy "decoder1bit:dm1|OR_4:orb" File: /home/andre/github/AAD/parallelDecoder/decoder1bit.vhd Line: 44
Info (12128): Elaborating entity "NOT_1" for hierarchy "decoder1bit:dm1|NOT_1:not0" File: /home/andre/github/AAD/parallelDecoder/decoder1bit.vhd Line: 47
Info (12128): Elaborating entity "decoderlast" for hierarchy "decoderlast:last" File: /home/andre/github/AAD/parallelDecoder/parallelDecoder.vhd Line: 58
Info (12128): Elaborating entity "AND_2" for hierarchy "decoderlast:last|AND_2:andxy" File: /home/andre/github/AAD/parallelDecoder/decoderlast.vhd Line: 35
Info (12128): Elaborating entity "OR_3" for hierarchy "decoderlast:last|OR_3:orxyxzyz" File: /home/andre/github/AAD/parallelDecoder/decoderlast.vhd Line: 39
Warning (12241): 1 hierarchies have connectivity warnings - see the Connectivity Checks report folder
Info (286030): Timing-Driven Synthesis is running
Info (16010): Generating hard_block partition "hard_block:auto_generated_inst"
    Info (16011): Adding 0 node(s), including 0 DDIO, 0 PLL, 0 transceiver and 0 LCELL
Info (21057): Implemented 39 device resources after synthesis - the final resource count might be different
    Info (21058): Implemented 8 input pins
    Info (21059): Implemented 5 output pins
    Info (21061): Implemented 26 logic cells
Info: Quartus Prime Analysis & Synthesis was successful. 0 errors, 2 warnings
    Info: Peak virtual memory: 485 megabytes
    Info: Processing ended: Mon Nov  7 12:27:25 2022
    Info: Elapsed time: 00:00:17
    Info: Total CPU time (on all processors): 00:00:44


